<?xml version="1.0" encoding="UTF-8"?>
<testsuite xmlns:xsi="http://www.w3.org/2001/XMLSchema-instance" xsi:noNamespaceSchemaLocation="https://maven.apache.org/surefire/maven-surefire-plugin/xsd/surefire-test-report.xsd" name="entsdksamples.soi.OperationAccessSOITest" time="0.035" tests="1" errors="0" skipped="0" failures="0">
  <properties>
    <property name="java.specification.version" value="17"/>
    <property name="sun.cpu.isalist" value="amd64"/>
    <property name="sun.jnu.encoding" value="Cp1252"/>
    <property name="java.class.path" value="C:\Program Files\ArcGIS\EnterpriseSDK\Samples\Java\serverobjectinterceptors\OperationAccessSOI\target\test-classes;C:\Program Files\ArcGIS\EnterpriseSDK\Samples\Java\serverobjectinterceptors\OperationAccessSOI\target\classes;C:\Users\fan11765\.m2\repository\com\esri\arcgis\enterprise\sdk\arcgis-enterprise-sdk\11.5.0\arcgis-enterprise-sdk-11.5.0.jar;C:\Users\fan11765\.m2\repository\junit\junit\4.13.1\junit-4.13.1.jar;C:\Users\fan11765\.m2\repository\org\hamcrest\hamcrest-core\1.3\hamcrest-core-1.3.jar;"/>
    <property name="java.vm.vendor" value="Eclipse Adoptium"/>
    <property name="sun.arch.data.model" value="64"/>
    <property name="user.variant" value=""/>
    <property name="java.vendor.url" value="https://adoptium.net/"/>
    <property name="user.timezone" value="America/Los_Angeles"/>
    <property name="os.name" value="Windows 11"/>
    <property name="java.vm.specification.version" value="17"/>
    <property name="sun.java.launcher" value="SUN_STANDARD"/>
    <property name="user.country" value="US"/>
    <property name="sun.boot.library.path" value="C:\Program Files\Eclipse Adoptium\jdk-17.0.14.7-hotspot\bin"/>
    <property name="sun.java.command" value="C:\Users\fan11765\AppData\Local\Temp\surefire3988290997550813582\surefirebooter9714996612213368724.jar C:\Users\fan11765\AppData\Local\Temp\surefire3988290997550813582 2025-05-06T15-19-20_172-jvmRun1 surefire5322539710514783191tmp surefire_0333722932187627622tmp"/>
    <property name="jdk.debug" value="release"/>
    <property name="surefire.test.class.path" value="C:\Program Files\ArcGIS\EnterpriseSDK\Samples\Java\serverobjectinterceptors\OperationAccessSOI\target\test-classes;C:\Program Files\ArcGIS\EnterpriseSDK\Samples\Java\serverobjectinterceptors\OperationAccessSOI\target\classes;C:\Users\fan11765\.m2\repository\com\esri\arcgis\enterprise\sdk\arcgis-enterprise-sdk\11.5.0\arcgis-enterprise-sdk-11.5.0.jar;C:\Users\fan11765\.m2\repository\junit\junit\4.13.1\junit-4.13.1.jar;C:\Users\fan11765\.m2\repository\org\hamcrest\hamcrest-core\1.3\hamcrest-core-1.3.jar;"/>
    <property name="sun.cpu.endian" value="little"/>
    <property name="user.home" value="C:\Users\fan11765"/>
    <property name="user.language" value="en"/>
    <property name="java.specification.vendor" value="Oracle Corporation"/>
    <property name="java.version.date" value="2025-01-21"/>
    <property name="java.home" value="C:\Program Files\Eclipse Adoptium\jdk-17.0.14.7-hotspot"/>
    <property name="file.separator" value="\"/>
    <property name="basedir" value="C:\Program Files\ArcGIS\EnterpriseSDK\Samples\Java\serverobjectinterceptors\OperationAccessSOI"/>
    <property name="java.vm.compressedOopsMode" value="Zero based"/>
    <property name="line.separator" value="&#10;"/>
    <property name="java.vm.specification.vendor" value="Oracle Corporation"/>
    <property name="java.specification.name" value="Java Platform API Specification"/>
    <property name="surefire.real.class.path" value="C:\Users\fan11765\AppData\Local\Temp\surefire3988290997550813582\surefirebooter9714996612213368724.jar"/>
    <property name="user.script" value=""/>
    <property name="sun.management.compiler" value="HotSpot 64-Bit Tiered Compilers"/>
    <property name="java.runtime.version" value="17.0.14+7"/>
    <property name="user.name" value="fan11765"/>
    <property name="path.separator" value=";"/>
    <property name="os.version" value="10.0"/>
    <property name="java.runtime.name" value="OpenJDK Runtime Environment"/>
    <property name="file.encoding" value="Cp1252"/>
    <property name="java.vm.name" value="OpenJDK 64-Bit Server VM"/>
    <property name="java.vendor.version" value="Temurin-17.0.14+7"/>
    <property name="localRepository" value="C:\Users\fan11765\.m2\repository"/>
    <property name="java.vendor.url.bug" value="https://github.com/adoptium/adoptium-support/issues"/>
    <property name="java.io.tmpdir" value="C:\Users\fan11765\AppData\Local\Temp\"/>
    <property name="idea.version" value="2024.3.4.1"/>
    <property name="java.version" value="17.0.14"/>
    <property name="user.dir" value="C:\Program Files\ArcGIS\EnterpriseSDK\Samples\Java\serverobjectinterceptors\OperationAccessSOI"/>
    <property name="os.arch" value="amd64"/>
    <property name="java.vm.specification.name" value="Java Virtual Machine Specification"/>
    <property name="sun.os.patch.level" value=""/>
    <property name="native.encoding" value="Cp1252"/>
    <property name="java.library.path" value="C:\Program Files\Eclipse Adoptium\jdk-17.0.14.7-hotspot\bin;C:\WINDOWS\Sun\Java\bin;C:\WINDOWS\system32;C:\WINDOWS;C:\Program Files\Eclipse Adoptium\jdk-17.0.14.7-hotspot\bin;C:\Program Files\Volta\;C:\WINDOWS\system32;C:\WINDOWS;C:\WINDOWS\System32\Wbem;C:\WINDOWS\System32\WindowsPowerShell\v1.0\;C:\WINDOWS\System32\OpenSSH\;C:\Program Files\Git\cmd;C:\Program Files\nodejs\;C:\Program Files\dotnet\;C:\temp\apache-maven-3.9.9\bin;;C:\Program Files (x86)\NVIDIA Corporation\PhysX\Common;C:\Program Files (x86)\Microsoft SQL Server\160\Tools\Binn\;C:\Program Files\Microsoft SQL Server\160\Tools\Binn\;C:\Program Files\Microsoft SQL Server\Client SDK\ODBC\170\Tools\Binn\;C:\Program Files\Microsoft SQL Server\160\DTS\Binn\;C:\Program Files (x86)\Microsoft SQL Server\160\DTS\Binn\;C:\Users\fan11765\AppData\Local\Volta\bin;C:\Users\fan11765\AppData\Local\Microsoft\WindowsApps;C:\Users\fan11765\AppData\Roaming\npm;C:\Users\fan11765\AppData\Local\Programs\Microsoft VS Code\bin;C:\Users\fan11765\.dotnet\tools;."/>
    <property name="java.vm.info" value="mixed mode, sharing"/>
    <property name="java.vendor" value="Eclipse Adoptium"/>
    <property name="java.vm.version" value="17.0.14+7"/>
    <property name="java.specification.maintenance.version" value="1"/>
    <property name="sun.io.unicode.encoding" value="UnicodeLittle"/>
    <property name="java.class.version" value="61.0"/>
  </properties>
  <testcase name="testSomething" classname="entsdksamples.soi.OperationAccessSOITest" time="0.002"/>
</testsuite>