<?xml version="1.0" encoding="UTF-8"?>
<testsuite xmlns:xsi="http://www.w3.org/2001/XMLSchema-instance" xsi:noNamespaceSchemaLocation="https://maven.apache.org/surefire/maven-surefire-plugin/xsd/surefire-test-report.xsd" name="entsdksamples.soi.JavaClippingSOITest" time="0.064" tests="1" errors="0" skipped="0" failures="0">
  <properties>
    <property name="java.specification.version" value="17"/>
    <property name="sun.cpu.isalist" value="amd64"/>
    <property name="sun.jnu.encoding" value="Cp1252"/>
    <property name="java.class.path" value="C:\temp\certification\Java\serverobjectinterceptors\SpatialRestrictionSOI\target\test-classes;C:\temp\certification\Java\serverobjectinterceptors\SpatialRestrictionSOI\target\classes;C:\Users\pank9616\.m2\repository\com\esri\arcgis\enterprise\sdk\arcgis-enterprise-sdk\11.4.0\arcgis-enterprise-sdk-11.4.0.jar;C:\Users\pank9616\.m2\repository\junit\junit\4.13.1\junit-4.13.1.jar;C:\Users\pank9616\.m2\repository\org\hamcrest\hamcrest-core\1.3\hamcrest-core-1.3.jar;"/>
    <property name="java.vm.vendor" value="Eclipse Adoptium"/>
    <property name="sun.arch.data.model" value="64"/>
    <property name="user.variant" value=""/>
    <property name="java.vendor.url" value="https://adoptium.net/"/>
    <property name="user.timezone" value="America/Los_Angeles"/>
    <property name="os.name" value="Windows Server 2016"/>
    <property name="java.vm.specification.version" value="17"/>
    <property name="sun.java.launcher" value="SUN_STANDARD"/>
    <property name="user.country" value="US"/>
    <property name="sun.boot.library.path" value="C:\Program Files\Eclipse Adoptium\jdk-17.0.12.7-hotspot\bin"/>
    <property name="sun.java.command" value="C:\Users\pank9616\AppData\Local\Temp\surefire7478346921740018306\surefirebooter24955886893860212.jar C:\Users\pank9616\AppData\Local\Temp\surefire7478346921740018306 2024-10-07T19-44-00_503-jvmRun1 surefire6724571460271295273tmp surefire_08763250884512708522tmp"/>
    <property name="jdk.debug" value="release"/>
    <property name="surefire.test.class.path" value="C:\temp\certification\Java\serverobjectinterceptors\SpatialRestrictionSOI\target\test-classes;C:\temp\certification\Java\serverobjectinterceptors\SpatialRestrictionSOI\target\classes;C:\Users\pank9616\.m2\repository\com\esri\arcgis\enterprise\sdk\arcgis-enterprise-sdk\11.4.0\arcgis-enterprise-sdk-11.4.0.jar;C:\Users\pank9616\.m2\repository\junit\junit\4.13.1\junit-4.13.1.jar;C:\Users\pank9616\.m2\repository\org\hamcrest\hamcrest-core\1.3\hamcrest-core-1.3.jar;"/>
    <property name="sun.cpu.endian" value="little"/>
    <property name="user.home" value="C:\Users\pank9616"/>
    <property name="user.language" value="en"/>
    <property name="java.specification.vendor" value="Oracle Corporation"/>
    <property name="java.version.date" value="2024-07-16"/>
    <property name="java.home" value="C:\Program Files\Eclipse Adoptium\jdk-17.0.12.7-hotspot"/>
    <property name="file.separator" value="\"/>
    <property name="basedir" value="C:\temp\certification\Java\serverobjectinterceptors\SpatialRestrictionSOI"/>
    <property name="java.vm.compressedOopsMode" value="Zero based"/>
    <property name="line.separator" value="&#10;"/>
    <property name="java.vm.specification.vendor" value="Oracle Corporation"/>
    <property name="java.specification.name" value="Java Platform API Specification"/>
    <property name="surefire.real.class.path" value="C:\Users\pank9616\AppData\Local\Temp\surefire7478346921740018306\surefirebooter24955886893860212.jar"/>
    <property name="user.script" value=""/>
    <property name="sun.management.compiler" value="HotSpot 64-Bit Tiered Compilers"/>
    <property name="java.runtime.version" value="17.0.12+7"/>
    <property name="user.name" value="pank9616"/>
    <property name="path.separator" value=";"/>
    <property name="os.version" value="10.0"/>
    <property name="java.runtime.name" value="OpenJDK Runtime Environment"/>
    <property name="file.encoding" value="Cp1252"/>
    <property name="java.vm.name" value="OpenJDK 64-Bit Server VM"/>
    <property name="java.vendor.version" value="Temurin-17.0.12+7"/>
    <property name="localRepository" value="C:\Users\pank9616\.m2\repository"/>
    <property name="java.vendor.url.bug" value="https://github.com/adoptium/adoptium-support/issues"/>
    <property name="java.io.tmpdir" value="C:\Users\pank9616\AppData\Local\Temp\"/>
    <property name="idea.version" value="2023.3.3"/>
    <property name="java.version" value="17.0.12"/>
    <property name="user.dir" value="C:\temp\certification\Java\serverobjectinterceptors\SpatialRestrictionSOI"/>
    <property name="os.arch" value="amd64"/>
    <property name="java.vm.specification.name" value="Java Virtual Machine Specification"/>
    <property name="sun.os.patch.level" value=""/>
    <property name="native.encoding" value="Cp1252"/>
    <property name="java.library.path" value="C:\Program Files\Eclipse Adoptium\jdk-17.0.12.7-hotspot\bin;C:\Windows\Sun\Java\bin;C:\Windows\system32;C:\Windows;C:\Program Files\Eclipse Adoptium\jdk-17.0.12.7-hotspot\bin;C:\Program Files\Eclipse Adoptium\jdk-11.0.24.8-hotspot\bin;C:\Program Files\Microsoft MPI\Bin\;C:\Program Files\Eclipse Adoptium\jdk-17.0.12.7-hotspot\\bin;C:\Windows\system32;C:\Windows;C:\Windows\System32\Wbem;C:\Windows\System32\WindowsPowerShell\v1.0\;C:\apache-maven-3.8.8\bin;C:\Program Files\dotnet\;;C:\Program Files\Git\cmd;C:\Program Files\Amazon\AWSCLIV2\;C:\Program Files (x86)\Microsoft SQL Server\160\Tools\Binn\;C:\Program Files\Microsoft SQL Server\160\Tools\Binn\;C:\Program Files\Microsoft SQL Server\Client SDK\ODBC\170\Tools\Binn\;C:\Program Files\Microsoft SQL Server\160\DTS\Binn\;C:\Program Files (x86)\Microsoft SQL Server\160\DTS\Binn\;C:\Program Files\Azure Data Studio\bin;C:\Program Files\nodejs\;C:\Users\pank9616\AppData\Local\Programs\Python\Python312\Scripts\;C:\Users\pank9616\AppData\Local\Programs\Python\Python312\;C:\Users\pank9616\AppData\Local\Programs\Python\Launcher\;C:\Users\pank9616\AppData\Local\Microsoft\WindowsApps;C:\Users\pank9616\.dotnet\tools;C:\Program Files\JetBrains\IntelliJ IDEA 2023.3.3\bin;C:\Users\pank9616\AppData\Local\Programs\Microsoft VS Code\bin;C:\Users\pank9616\AppData\Roaming\nvm;C:\Users\pank9616\AppData\Local\Programs\Fiddler;C:\Users\pank9616\AppData\Roaming\npm;."/>
    <property name="java.vm.info" value="mixed mode, sharing"/>
    <property name="java.vendor" value="Eclipse Adoptium"/>
    <property name="java.vm.version" value="17.0.12+7"/>
    <property name="sun.io.unicode.encoding" value="UnicodeLittle"/>
    <property name="java.class.version" value="61.0"/>
  </properties>
  <testcase name="testSomething" classname="entsdksamples.soi.JavaClippingSOITest" time="0.004"/>
</testsuite>