<?xml version="1.0" encoding="UTF-8"?>
<testsuite xmlns:xsi="http://www.w3.org/2001/XMLSchema-instance" xsi:noNamespaceSchemaLocation="https://maven.apache.org/surefire/maven-surefire-plugin/xsd/surefire-test-report.xsd" name="entsdksamples.soe.JavaSimpleRESTSOEWithPropertiesTest" time="0.077" tests="2" errors="0" skipped="0" failures="0">
  <properties>
    <property name="sun.desktop" value="windows"/>
    <property name="awt.toolkit" value="sun.awt.windows.WToolkit"/>
    <property name="java.specification.version" value="11"/>
    <property name="sun.cpu.isalist" value="amd64"/>
    <property name="sun.jnu.encoding" value="Cp1252"/>
    <property name="java.class.path" value="C:\Users\hanh7700\Downloads\Samples\serverobjectextensions\simplerestsoewithproperties\target\test-classes;C:\Users\hanh7700\Downloads\Samples\serverobjectextensions\simplerestsoewithproperties\target\classes;C:\Users\hanh7700\.m2\repository\com\esri\arcgis\enterprise\sdk\arcgis-enterprise-sdk\10.8.1\arcgis-enterprise-sdk-10.8.1.jar;C:\Users\hanh7700\.m2\repository\junit\junit\4.12\junit-4.12.jar;C:\Users\hanh7700\.m2\repository\org\hamcrest\hamcrest-core\1.3\hamcrest-core-1.3.jar;"/>
    <property name="java.vm.vendor" value="AdoptOpenJDK"/>
    <property name="sun.arch.data.model" value="64"/>
    <property name="user.variant" value=""/>
    <property name="java.vendor.url" value="https://adoptopenjdk.net/"/>
    <property name="user.timezone" value="America/Los_Angeles"/>
    <property name="java.vm.specification.version" value="11"/>
    <property name="os.name" value="Windows Server 2019"/>
    <property name="sun.java.launcher" value="SUN_STANDARD"/>
    <property name="user.country" value="US"/>
    <property name="sun.boot.library.path" value="C:\Program Files\AdoptOpenJDK\jdk-11.0.6.10-hotspot\bin"/>
    <property name="sun.java.command" value="C:\Users\hanh7700\AppData\Local\Temp\2\surefire16425119242103821644\surefirebooter13151421753752289233.jar C:\Users\hanh7700\AppData\Local\Temp\2\surefire16425119242103821644 2020-05-03T23-07-43_820-jvmRun1 surefire2871394454866653603tmp surefire_010618236965637494089tmp"/>
    <property name="jdk.debug" value="release"/>
    <property name="surefire.test.class.path" value="C:\Users\hanh7700\Downloads\Samples\serverobjectextensions\simplerestsoewithproperties\target\test-classes;C:\Users\hanh7700\Downloads\Samples\serverobjectextensions\simplerestsoewithproperties\target\classes;C:\Users\hanh7700\.m2\repository\com\esri\arcgis\enterprise\sdk\arcgis-enterprise-sdk\10.8.1\arcgis-enterprise-sdk-10.8.1.jar;C:\Users\hanh7700\.m2\repository\junit\junit\4.12\junit-4.12.jar;C:\Users\hanh7700\.m2\repository\org\hamcrest\hamcrest-core\1.3\hamcrest-core-1.3.jar;"/>
    <property name="sun.cpu.endian" value="little"/>
    <property name="user.home" value="C:\Users\hanh7700"/>
    <property name="user.language" value="en"/>
    <property name="java.specification.vendor" value="Oracle Corporation"/>
    <property name="java.version.date" value="2020-01-14"/>
    <property name="java.home" value="C:\Program Files\AdoptOpenJDK\jdk-11.0.6.10-hotspot"/>
    <property name="file.separator" value="\"/>
    <property name="basedir" value="C:\Users\hanh7700\Downloads\Samples\serverobjectextensions\simplerestsoewithproperties"/>
    <property name="java.vm.compressedOopsMode" value="Zero based"/>
    <property name="line.separator" value="&#10;"/>
    <property name="java.specification.name" value="Java Platform API Specification"/>
    <property name="java.vm.specification.vendor" value="Oracle Corporation"/>
    <property name="java.awt.graphicsenv" value="sun.awt.Win32GraphicsEnvironment"/>
    <property name="surefire.real.class.path" value="C:\Users\hanh7700\AppData\Local\Temp\2\surefire16425119242103821644\surefirebooter13151421753752289233.jar"/>
    <property name="user.script" value=""/>
    <property name="sun.management.compiler" value="HotSpot 64-Bit Tiered Compilers"/>
    <property name="java.runtime.version" value="11.0.6+10"/>
    <property name="user.name" value="hanh7700"/>
    <property name="path.separator" value=";"/>
    <property name="os.version" value="10.0"/>
    <property name="java.runtime.name" value="OpenJDK Runtime Environment"/>
    <property name="file.encoding" value="Cp1252"/>
    <property name="java.vm.name" value="OpenJDK 64-Bit Server VM"/>
    <property name="java.vendor.version" value="AdoptOpenJDK"/>
    <property name="localRepository" value="C:\Users\hanh7700\.m2\repository"/>
    <property name="java.vendor.url.bug" value="https://github.com/AdoptOpenJDK/openjdk-support/issues"/>
    <property name="java.io.tmpdir" value="C:\Users\hanh7700\AppData\Local\Temp\2\"/>
    <property name="java.version" value="11.0.6"/>
    <property name="user.dir" value="C:\Users\hanh7700\Downloads\Samples\serverobjectextensions\simplerestsoewithproperties"/>
    <property name="os.arch" value="amd64"/>
    <property name="java.vm.specification.name" value="Java Virtual Machine Specification"/>
    <property name="java.awt.printerjob" value="sun.awt.windows.WPrinterJob"/>
    <property name="sun.os.patch.level" value=""/>
    <property name="java.library.path" value="C:\Program Files\AdoptOpenJDK\jdk-11.0.6.10-hotspot\bin;C:\windows\Sun\Java\bin;C:\windows\system32;C:\windows;C:\Program Files\AdoptOpenJDK\jdk-11.0.6.10-hotspot\bin;C:\windows\system32;C:\windows;C:\windows\System32\Wbem;C:\windows\System32\WindowsPowerShell\v1.0\;C:\windows\System32\OpenSSH\;C:\opscode\chef\bin\;C:\Program Files\dotnet\;C:\apache-maven-3.6.3\bin;C:\Users\hanh7700\AppData\Local\Microsoft\WindowsApps;;."/>
    <property name="java.vendor" value="AdoptOpenJDK"/>
    <property name="java.vm.info" value="mixed mode"/>
    <property name="java.vm.version" value="11.0.6+10"/>
    <property name="sun.io.unicode.encoding" value="UnicodeLittle"/>
    <property name="java.class.version" value="55.0"/>
  </properties>
  <testcase name="testGetSchema" classname="entsdksamples.soe.JavaSimpleRESTSOEWithPropertiesTest" time="0.001"/>
  <testcase name="testGetRootResource" classname="entsdksamples.soe.JavaSimpleRESTSOEWithPropertiesTest" time="0"/>
</testsuite>